<?xml version="1.0" encoding="UTF-8"?>
<!-- Generated by org.testng.reporters.JUnitXMLReporter -->
<testsuite ignored="0" hostname="trinesis-pc19" failures="0" tests="5" name="Default test" time="50.985" errors="0" timestamp="2020-02-20T04:38:05 GMT-05:00">
  <testcase classname="Example.LoginFunctionality" name="CheckInvalidEmailId" time="0.217"/>
  <testcase classname="Example.LoginFunctionality" name="CheckValidEmailId" time="0.178"/>
  <testcase classname="Example.LoginFunctionality" name="LoginBlankdata" time="0.127"/>
  <testcase classname="Example.LoginFunctionality" name="LoginEmailID" time="0.872"/>
  <testcase classname="Example.LoginFunctionality" name="LoginwithValidData" time="0.463"/>
</testsuite> <!-- Default test -->
