<?xml version="1.0" encoding="UTF-8"?>
<!-- Generated by org.testng.reporters.JUnitXMLReporter -->
<testsuite ignored="0" hostname="trinesis-pc19" failures="0" tests="5" name="Test" time="9.824" errors="0" timestamp="2020-01-23T20:40:33 IST">
  <testcase classname="Example.ExtendReportDemo" name="@AfterMethod getResult" time="0.003">
    <failure type="java.lang.NullPointerException">
      <![CDATA[java.lang.NullPointerException
at Library.UtilitySS.CaptureScreenshots(UtilitySS.java:22)
at Example.ExtendReportDemo.getResult(ExtendReportDemo.java:66)
at java.base/java.util.ArrayList.forEach(ArrayList.java:1540)
... Removed 32 stack frames]]>
    </failure>
  </testcase> <!-- @AfterMethod getResult -->
  <testcase classname="Example.LoginFunctionality" name="@BeforeMethod Login" time="-1.579792233053E9">
    <skipped/>
  </testcase> <!-- @BeforeMethod Login -->
  <testcase classname="Example.ExtendReportDemo" name="@AfterMethod getResult" time="-1.579792233059E9">
    <skipped/>
  </testcase> <!-- @AfterMethod getResult -->
  <testcase classname="Example.LoginFunctionality" name="@BeforeMethod Login" time="-1.579792233061E9">
    <skipped/>
  </testcase> <!-- @BeforeMethod Login -->
  <testcase classname="Example.ExtendReportDemo" name="@AfterMethod getResult" time="-1.579792233066E9">
    <skipped/>
  </testcase> <!-- @AfterMethod getResult -->
  <testcase classname="Example.LoginFunctionality" name="@BeforeMethod Login" time="-1.579792233067E9">
    <skipped/>
  </testcase> <!-- @BeforeMethod Login -->
  <testcase classname="Example.ExtendReportDemo" name="@AfterMethod getResult" time="-1.579792233072E9">
    <skipped/>
  </testcase> <!-- @AfterMethod getResult -->
  <testcase classname="Example.LoginFunctionality" name="@BeforeMethod Login" time="-1.579792233073E9">
    <skipped/>
  </testcase> <!-- @BeforeMethod Login -->
  <testcase classname="Example.ExtendReportDemo" name="@AfterMethod getResult" time="-1.579792233082E9">
    <skipped/>
  </testcase> <!-- @AfterMethod getResult -->
  <testcase classname="Example.LoginFunctionality" name="CheckInvalidEmailId" time="0.171"/>
  <testcase classname="Example.LoginFunctionality" name="CheckValidEmailId" time="0.0">
    <skipped/>
  </testcase> <!-- CheckValidEmailId -->
  <testcase classname="Example.LoginFunctionality" name="LoginBlankdata" time="0.0">
    <skipped/>
  </testcase> <!-- LoginBlankdata -->
  <testcase classname="Example.LoginFunctionality" name="LoginEmailID" time="0.0">
    <skipped/>
  </testcase> <!-- LoginEmailID -->
  <testcase classname="Example.LoginFunctionality" name="LoginwithValidData" time="0.0">
    <skipped/>
  </testcase> <!-- LoginwithValidData -->
</testsuite> <!-- Test -->
