<?xml version="1.0" encoding="UTF-8"?>
<!-- Generated by org.testng.reporters.JUnitXMLReporter -->
<testsuite ignored="0" hostname="trinesis-pc19" failures="0" tests="5" name="Test" time="54.606" errors="0" timestamp="2020-02-12T15:57:01 IST">
  <testcase classname="Example.LoginFunctionality" name="CheckInvalidEmailId" time="0.262"/>
  <testcase classname="Example.LoginFunctionality" name="CheckValidEmailId" time="0.229"/>
  <testcase classname="Example.LoginFunctionality" name="LoginBlankdata" time="0.866"/>
  <testcase classname="Example.LoginFunctionality" name="LoginEmailID" time="0.865"/>
  <testcase classname="Example.LoginFunctionality" name="LoginwithValidData" time="0.535"/>
</testsuite> <!-- Test -->
