<?xml version="1.0" encoding="UTF-8"?>
<!-- Generated by org.testng.reporters.JUnitXMLReporter -->
<testsuite ignored="1" hostname="trinesis-pc19" failures="1" tests="5" name="Test" time="29.674" errors="0" timestamp="2020-01-10T12:01:11 IST">
  <testcase classname="Example.Users" name="@BeforeMethod setUp" time="29.604">
    <failure type="java.lang.NullPointerException">
      <![CDATA[java.lang.NullPointerException
at Example.Users.setUp(Users.java:76)
at java.base/java.util.concurrent.ThreadPoolExecutor.runWorker(ThreadPoolExecutor.java:1128)
at java.base/java.util.concurrent.ThreadPoolExecutor$Worker.run(ThreadPoolExecutor.java:628)
at java.base/java.lang.Thread.run(Thread.java:834)
... Removed 16 stack frames]]>
    </failure>
  </testcase> <!-- @BeforeMethod setUp -->
  <testcase classname="Example.Users" name="@BeforeMethod setUp" time="-1.578637871263E9">
    <skipped/>
  </testcase> <!-- @BeforeMethod setUp -->
  <testcase classname="Example.Users" name="@BeforeMethod setUp" time="-1.578637871277E9">
    <skipped/>
  </testcase> <!-- @BeforeMethod setUp -->
  <testcase classname="Example.Users" name="@BeforeMethod setUp" time="-1.578637871281E9">
    <skipped/>
  </testcase> <!-- @BeforeMethod setUp -->
  <testcase classname="Example.ExtendReportDemo" name="loginTest" time="23.772">
    <failure type="java.lang.NullPointerException">
      <![CDATA[java.lang.NullPointerException
at Example.ExtendReportDemo.loginTest(ExtendReportDemo.java:59)
at java.base/java.util.concurrent.ThreadPoolExecutor.runWorker(ThreadPoolExecutor.java:1128)
at java.base/java.util.concurrent.ThreadPoolExecutor$Worker.run(ThreadPoolExecutor.java:628)
at java.base/java.lang.Thread.run(Thread.java:834)
... Removed 12 stack frames]]>
    </failure>
  </testcase> <!-- loginTest -->
  <testcase classname="Example.Users" name="Emailcheck" time="0.0">
    <skipped/>
  </testcase> <!-- Emailcheck -->
  <testcase classname="Example.Users" name="FilterAccount" time="0.0">
    <skipped/>
  </testcase> <!-- FilterAccount -->
  <testcase classname="Example.Users" name="FilterStatus" time="0.0">
    <skipped/>
  </testcase> <!-- FilterStatus -->
  <testcase classname="Example.Users" name="InviteUser" time="0.0">
    <skipped/>
  </testcase> <!-- InviteUser -->
  <testcase classname="Example.Users" name="FilterRole" time="0.0">
    <ignored/>
  </testcase> <!-- FilterRole -->
</testsuite> <!-- Test -->
