<?xml version="1.0" encoding="UTF-8"?>
<testsuite xmlns:xsi="http://www.w3.org/2001/XMLSchema-instance" xsi:noNamespaceSchemaLocation="https://maven.apache.org/surefire/maven-surefire-plugin/xsd/surefire-test-report-3.0.xsd" version="3.0" name="TestSuite" time="28.344" tests="11" errors="0" skipped="7" failures="2">
  <properties>
[...]
</properties>
  <testcase name="CheckInvalidEmailId" classname="Example.LoginFunctionality" time="0.253"/>
  <testcase name="CheckValidEmailId" classname="Example.LoginFunctionality" time="0.227"/>
  <testcase name="LoginBlankdata" classname="Example.LoginFunctionality" time="0.064">
    <failure message="chrome not reachable&#10;  (Session info: chrome=80.0.3987.87)&#10;Build info: version: &apos;3.141.59&apos;, revision: &apos;e82be7d358&apos;, time: &apos;2018-11-14T08:17:03&apos;&#10;System info: host: &apos;trinesis-pc19&apos;, ip: &apos;127.0.1.1&apos;, os.name: &apos;Linux&apos;, os.arch: &apos;amd64&apos;, os.version: &apos;4.15.0-76-generic&apos;, java.version: &apos;11.0.6&apos;&#10;Driver info: org.openqa.selenium.chrome.ChromeDriver&#10;Capabilities {acceptInsecureCerts: false, browserName: chrome, browserVersion: 80.0.3987.87, chrome: {chromedriverVersion: 80.0.3987.16 (320f6526c1632..., userDataDir: /tmp/.com.google.Chrome.io8h0z}, goog:chromeOptions: {debuggerAddress: localhost:38479}, javascriptEnabled: true, networkConnectionEnabled: false, pageLoadStrategy: normal, platform: LINUX, platformName: LINUX, proxy: Proxy(), setWindowRect: true, strictFileInteractability: false, timeouts: {implicit: 0, pageLoad: 300000, script: 30000}, unhandledPromptBehavior: dismiss and notify}&#10;Session ID: f72ce99f85fea52b176d57c40aa2b2e9&#10;*** Element info: {Using=xpath, value=/html/body/app-root/app-login/section/div/div[2]/form/mat-card-actions/button}" type="org.openqa.selenium.WebDriverException">org.openqa.selenium.WebDriverException: 
chrome not reachable
  (Session info: chrome=80.0.3987.87)
Build info: version: '3.141.59', revision: 'e82be7d358', time: '2018-11-14T08:17:03'
System info: host: 'trinesis-pc19', ip: '127.0.1.1', os.name: 'Linux', os.arch: 'amd64', os.version: '4.15.0-76-generic', java.version: '11.0.6'
Driver info: org.openqa.selenium.chrome.ChromeDriver
Capabilities {acceptInsecureCerts: false, browserName: chrome, browserVersion: 80.0.3987.87, chrome: {chromedriverVersion: 80.0.3987.16 (320f6526c1632..., userDataDir: /tmp/.com.google.Chrome.io8h0z}, goog:chromeOptions: {debuggerAddress: localhost:38479}, javascriptEnabled: true, networkConnectionEnabled: false, pageLoadStrategy: normal, platform: LINUX, platformName: LINUX, proxy: Proxy(), setWindowRect: true, strictFileInteractability: false, timeouts: {implicit: 0, pageLoad: 300000, script: 30000}, unhandledPromptBehavior: dismiss and notify}
Session ID: f72ce99f85fea52b176d57c40aa2b2e9
*** Element info: {Using=xpath, value=/html/body/app-root/app-login/section/div/div[2]/form/mat-card-actions/button}
	at Example.LoginFunctionality.LoginBlankdata(LoginFunctionality.java:47)
</failure>
    <system-out><![CDATA[screenshot captured
]]></system-out>
    <system-err><![CDATA[Starting ChromeDriver 80.0.3987.16 (320f6526c1632ad4f205ebce69b99a062ed78647-refs/branch-heads/3987@{#185}) on port 17622
Only local connections are allowed.
Please protect ports used by ChromeDriver and related test frameworks to prevent access by malicious code.
Feb 12, 2020 4:05:09 PM org.openqa.selenium.remote.ProtocolHandshake createSession
INFO: Detected dialect: W3C
[1581503710.354][SEVERE]: Timed out receiving message from renderer: 0.100
[1581503710.455][SEVERE]: Timed out receiving message from renderer: 0.100
[1581503710.557][SEVERE]: Timed out receiving message from renderer: 0.100
[1581503710.659][SEVERE]: Timed out receiving message from renderer: 0.100
[1581503710.837][SEVERE]: Timed out receiving message from renderer: 0.100
[1581503710.938][SEVERE]: Timed out receiving message from renderer: 0.100
[1581503711.040][SEVERE]: Timed out receiving message from renderer: 0.100
[1581503711.141][SEVERE]: Timed out receiving message from renderer: 0.100
[1581503711.244][SEVERE]: Timed out receiving message from renderer: 0.100
[1581503711.345][SEVERE]: Timed out receiving message from renderer: 0.100
[1581503711.447][SEVERE]: Timed out receiving message from renderer: 0.100
[1581503711.548][SEVERE]: Timed out receiving message from renderer: 0.100
[1581503711.650][SEVERE]: Timed out receiving message from renderer: 0.100
[1581503711.858][SEVERE]: Timed out receiving message from renderer: 0.100
[1581503711.959][SEVERE]: Timed out receiving message from renderer: 0.100
[1581503712.060][SEVERE]: Timed out receiving message from renderer: 0.100
[1581503712.162][SEVERE]: Timed out receiving message from renderer: 0.100
[1581503712.263][SEVERE]: Timed out receiving message from renderer: 0.100
[1581503712.364][SEVERE]: Timed out receiving message from renderer: 0.100
[1581503712.469][SEVERE]: Timed out receiving message from renderer: 0.100
[1581503712.575][SEVERE]: Timed out receiving message from renderer: 0.100
[1581503712.677][SEVERE]: Timed out receiving message from renderer: 0.100
[1581503712.778][SEVERE]: Timed out receiving message from renderer: 0.100
[1581503712.879][SEVERE]: Timed out receiving message from renderer: 0.100
[1581503712.981][SEVERE]: Timed out receiving message from renderer: 0.100
[1581503713.085][SEVERE]: Timed out receiving message from renderer: 0.100
[1581503713.186][SEVERE]: Timed out receiving message from renderer: 0.100
[1581503713.287][SEVERE]: Timed out receiving message from renderer: 0.100
[1581503713.711][SEVERE]: Timed out receiving message from renderer: 0.100
]]></system-err>
  </testcase>
  <testcase name="getResult" classname="Example.LoginFunctionality" time="0.079">
    <failure message="chrome not reachable&#10;  (Session info: chrome=80.0.3987.87)&#10;Build info: version: &apos;3.141.59&apos;, revision: &apos;e82be7d358&apos;, time: &apos;2018-11-14T08:17:03&apos;&#10;System info: host: &apos;trinesis-pc19&apos;, ip: &apos;127.0.1.1&apos;, os.name: &apos;Linux&apos;, os.arch: &apos;amd64&apos;, os.version: &apos;4.15.0-76-generic&apos;, java.version: &apos;11.0.6&apos;&#10;Driver info: org.openqa.selenium.chrome.ChromeDriver&#10;Capabilities {acceptInsecureCerts: false, browserName: chrome, browserVersion: 80.0.3987.87, chrome: {chromedriverVersion: 80.0.3987.16 (320f6526c1632..., userDataDir: /tmp/.com.google.Chrome.io8h0z}, goog:chromeOptions: {debuggerAddress: localhost:38479}, javascriptEnabled: true, networkConnectionEnabled: false, pageLoadStrategy: normal, platform: LINUX, platformName: LINUX, proxy: Proxy(), setWindowRect: true, strictFileInteractability: false, timeouts: {implicit: 0, pageLoad: 300000, script: 30000}, unhandledPromptBehavior: dismiss and notify}&#10;Session ID: f72ce99f85fea52b176d57c40aa2b2e9" type="org.openqa.selenium.WebDriverException">org.openqa.selenium.WebDriverException: 
chrome not reachable
  (Session info: chrome=80.0.3987.87)
Build info: version: '3.141.59', revision: 'e82be7d358', time: '2018-11-14T08:17:03'
System info: host: 'trinesis-pc19', ip: '127.0.1.1', os.name: 'Linux', os.arch: 'amd64', os.version: '4.15.0-76-generic', java.version: '11.0.6'
Driver info: org.openqa.selenium.chrome.ChromeDriver
Capabilities {acceptInsecureCerts: false, browserName: chrome, browserVersion: 80.0.3987.87, chrome: {chromedriverVersion: 80.0.3987.16 (320f6526c1632..., userDataDir: /tmp/.com.google.Chrome.io8h0z}, goog:chromeOptions: {debuggerAddress: localhost:38479}, javascriptEnabled: true, networkConnectionEnabled: false, pageLoadStrategy: normal, platform: LINUX, platformName: LINUX, proxy: Proxy(), setWindowRect: true, strictFileInteractability: false, timeouts: {implicit: 0, pageLoad: 300000, script: 30000}, unhandledPromptBehavior: dismiss and notify}
Session ID: f72ce99f85fea52b176d57c40aa2b2e9
</failure>
  </testcase>
  <testcase name="getResult" classname="Example.LoginFunctionality" time="0">
    <skipped/>
  </testcase>
  <testcase name="getResult" classname="Example.LoginFunctionality" time="0">
    <skipped/>
  </testcase>
  <testcase name="Login" classname="Example.LoginFunctionality" time="0">
    <skipped/>
  </testcase>
  <testcase name="Login" classname="Example.LoginFunctionality" time="0">
    <skipped/>
  </testcase>
  <testcase name="LoginEmailID" classname="Example.LoginFunctionality" time="0">
    <skipped/>
  </testcase>
  <testcase name="LoginwithValidData" classname="Example.LoginFunctionality" time="0">
    <skipped/>
  </testcase>
  <testcase name="tearDown" classname="Example.LoginFunctionality" time="0">
    <skipped/>
  </testcase>
</testsuite>