<?xml version="1.0" encoding="UTF-8"?>
<testsuite xmlns:xsi="http://www.w3.org/2001/XMLSchema-instance" xsi:noNamespaceSchemaLocation="https://maven.apache.org/surefire/maven-surefire-plugin/xsd/surefire-test-report-3.0.xsd" version="3.0" name="TestSuite" time="55.792" tests="5" errors="0" skipped="0" failures="1">
  <properties>
[...]
</properties>
  <testcase name="CheckInvalidEmailId" classname="Example.LoginFunctionality" time="0.231"/>
  <testcase name="CheckValidEmailId" classname="Example.LoginFunctionality" time="0.048">
    <failure message="no such element: Unable to locate element: {&quot;method&quot;:&quot;xpath&quot;,&quot;selector&quot;:&quot;//*[@id=&quot;emaadd&quot;]&quot;}&#10;  (Session info: chrome=80.0.3987.87)&#10;For documentation on this error, please visit: https://www.seleniumhq.org/exceptions/no_such_element.html&#10;Build info: version: &apos;3.141.59&apos;, revision: &apos;e82be7d358&apos;, time: &apos;2018-11-14T08:17:03&apos;&#10;System info: host: &apos;trinesis-pc19&apos;, ip: &apos;127.0.1.1&apos;, os.name: &apos;Linux&apos;, os.arch: &apos;amd64&apos;, os.version: &apos;4.15.0-88-generic&apos;, java.version: &apos;11.0.6&apos;&#10;Driver info: org.openqa.selenium.chrome.ChromeDriver&#10;Capabilities {acceptInsecureCerts: false, browserName: chrome, browserVersion: 80.0.3987.87, chrome: {chromedriverVersion: 80.0.3987.16 (320f6526c1632..., userDataDir: /tmp/.com.google.Chrome.D4DLBX}, goog:chromeOptions: {debuggerAddress: localhost:43615}, javascriptEnabled: true, networkConnectionEnabled: false, pageLoadStrategy: normal, platform: LINUX, platformName: LINUX, proxy: Proxy(), setWindowRect: true, strictFileInteractability: false, timeouts: {implicit: 0, pageLoad: 300000, script: 30000}, unhandledPromptBehavior: dismiss and notify}&#10;Session ID: 6cabd7ea6c6d9f035c86bec373605496&#10;*** Element info: {Using=xpath, value=//*[@id=&quot;emaadd&quot;]}" type="org.openqa.selenium.NoSuchElementException">org.openqa.selenium.NoSuchElementException: 
no such element: Unable to locate element: {"method":"xpath","selector":"//*[@id="emaadd"]"}
  (Session info: chrome=80.0.3987.87)
For documentation on this error, please visit: https://www.seleniumhq.org/exceptions/no_such_element.html
Build info: version: '3.141.59', revision: 'e82be7d358', time: '2018-11-14T08:17:03'
System info: host: 'trinesis-pc19', ip: '127.0.1.1', os.name: 'Linux', os.arch: 'amd64', os.version: '4.15.0-88-generic', java.version: '11.0.6'
Driver info: org.openqa.selenium.chrome.ChromeDriver
Capabilities {acceptInsecureCerts: false, browserName: chrome, browserVersion: 80.0.3987.87, chrome: {chromedriverVersion: 80.0.3987.16 (320f6526c1632..., userDataDir: /tmp/.com.google.Chrome.D4DLBX}, goog:chromeOptions: {debuggerAddress: localhost:43615}, javascriptEnabled: true, networkConnectionEnabled: false, pageLoadStrategy: normal, platform: LINUX, platformName: LINUX, proxy: Proxy(), setWindowRect: true, strictFileInteractability: false, timeouts: {implicit: 0, pageLoad: 300000, script: 30000}, unhandledPromptBehavior: dismiss and notify}
Session ID: 6cabd7ea6c6d9f035c86bec373605496
*** Element info: {Using=xpath, value=//*[@id="emaadd"]}
	at Example.LoginFunctionality.CheckValidEmailId(LoginFunctionality.java:108)
</failure>
    <system-out><![CDATA[screenshot captured
]]></system-out>
    <system-err><![CDATA[log4j:WARN No appenders could be found for logger (freemarker.cache).
log4j:WARN Please initialize the log4j system properly.
Starting ChromeDriver 80.0.3987.16 (320f6526c1632ad4f205ebce69b99a062ed78647-refs/branch-heads/3987@{#185}) on port 26435
Only local connections are allowed.
Please protect ports used by ChromeDriver and related test frameworks to prevent access by malicious code.
Feb 27, 2020 8:18:57 PM org.openqa.selenium.remote.ProtocolHandshake createSession
INFO: Detected dialect: W3C
[1582814938.640][SEVERE]: Timed out receiving message from renderer: 0.100
[1582814938.741][SEVERE]: Timed out receiving message from renderer: 0.100
[1582814938.843][SEVERE]: Timed out receiving message from renderer: 0.100
[1582814938.946][SEVERE]: Timed out receiving message from renderer: 0.100
[1582814939.168][SEVERE]: Timed out receiving message from renderer: 0.100
[1582814939.270][SEVERE]: Timed out receiving message from renderer: 0.100
[1582814939.373][SEVERE]: Timed out receiving message from renderer: 0.100
[1582814939.474][SEVERE]: Timed out receiving message from renderer: 0.100
[1582814939.575][SEVERE]: Timed out receiving message from renderer: 0.100
[1582814939.676][SEVERE]: Timed out receiving message from renderer: 0.100
[1582814939.778][SEVERE]: Timed out receiving message from renderer: 0.100
[1582814939.981][SEVERE]: Timed out receiving message from renderer: 0.100
[1582814940.082][SEVERE]: Timed out receiving message from renderer: 0.100
[1582814940.185][SEVERE]: Timed out receiving message from renderer: 0.100
[1582814940.286][SEVERE]: Timed out receiving message from renderer: 0.100
[1582814940.387][SEVERE]: Timed out receiving message from renderer: 0.100
[1582814940.579][SEVERE]: Timed out receiving message from renderer: 0.100
[1582814940.681][SEVERE]: Timed out receiving message from renderer: 0.100
[1582814940.782][SEVERE]: Timed out receiving message from renderer: 0.100
[1582814940.884][SEVERE]: Timed out receiving message from renderer: 0.100
[1582814940.985][SEVERE]: Timed out receiving message from renderer: 0.100
[1582814941.087][SEVERE]: Timed out receiving message from renderer: 0.100
[1582814941.189][SEVERE]: Timed out receiving message from renderer: 0.100
[1582814941.291][SEVERE]: Timed out receiving message from renderer: 0.100
[1582814941.395][SEVERE]: Timed out receiving message from renderer: 0.100
[1582814941.497][SEVERE]: Timed out receiving message from renderer: 0.100
[1582814941.599][SEVERE]: Timed out receiving message from renderer: 0.100
[1582814941.700][SEVERE]: Timed out receiving message from renderer: 0.100
[1582814941.802][SEVERE]: Timed out receiving message from renderer: 0.100
[1582814941.903][SEVERE]: Timed out receiving message from renderer: 0.100
[1582814942.004][SEVERE]: Timed out receiving message from renderer: 0.100
[1582814942.106][SEVERE]: Timed out receiving message from renderer: 0.100
[1582814942.207][SEVERE]: Timed out receiving message from renderer: 0.100
[1582814942.665][SEVERE]: Timed out receiving message from renderer: 0.100
[1582814946.210][SEVERE]: Timed out receiving message from renderer: 0.100
[1582814946.311][SEVERE]: Timed out receiving message from renderer: 0.100
[1582814946.413][SEVERE]: Timed out receiving message from renderer: 0.100
[1582814946.514][SEVERE]: Timed out receiving message from renderer: 0.100
[1582814946.615][SEVERE]: Timed out receiving message from renderer: 0.100
[1582814946.716][SEVERE]: Timed out receiving message from renderer: 0.100
[1582814946.818][SEVERE]: Timed out receiving message from renderer: 0.100
[1582814946.919][SEVERE]: Timed out receiving message from renderer: 0.100
[1582814947.020][SEVERE]: Timed out receiving message from renderer: 0.100
[1582814947.121][SEVERE]: Timed out receiving message from renderer: 0.100
[1582814947.223][SEVERE]: Timed out receiving message from renderer: 0.100
]]></system-err>
  </testcase>
  <testcase name="LoginBlankUsername" classname="Example.LoginFunctionality" time="0.902"/>
  <testcase name="LoginBlankdata" classname="Example.LoginFunctionality" time="0.133"/>
  <testcase name="LoginwithValidData" classname="Example.LoginFunctionality" time="0.55"/>
</testsuite>